<?xml version="1.0" encoding="UTF-8"?>
<!-- Generated by org.testng.reporters.JUnitXMLReporter -->
<testsuite hostname="DESKTOP-IU39J6M" ignored="0" name="Default test" tests="6" failures="0" timestamp="14 Mar 2021 21:08:20 GMT" time="50.084" errors="0">
  <testcase name="titileVerify" time="0.018" classname="qa.TechFios.Test.AddContectsPageTest"/>
  <testcase name="addContect" time="1.061" classname="qa.TechFios.Test.AddContectsPageTest"/>
  <testcase name="addContect" time="1.033" classname="qa.TechFios.Test.AddContectsPageTest"/>
  <testcase name="addContect" time="1.225" classname="qa.TechFios.Test.AddContectsPageTest"/>
  <testcase name="addContect" time="0.897" classname="qa.TechFios.Test.AddContectsPageTest"/>
  <testcase name="addContect" time="0.941" classname="qa.TechFios.Test.AddContectsPageTest"/>
</testsuite> <!-- Default test -->
