<?xml version="1.0" encoding="UTF-8"?>
<!-- Generated by org.testng.reporters.JUnitXMLReporter -->
<testsuite hostname="DESKTOP-IU39J6M" ignored="0" name="Techfios Automation test cases" tests="4" failures="0" timestamp="14 Mar 2021 21:16:23 GMT" time="26.973" errors="0">
  <testcase name="TechFiosLogoTest" time="0.132" classname="qa.TechFios.Test.LoginPageTest"/>
  <testcase name="HomePageTitleVerufy" time="0.01" classname="qa.TechFios.Test.HomePageTest"/>
  <testcase name="LogInTest" time="2.37" classname="qa.TechFios.Test.LoginPageTest"/>
  <testcase name="ClickOnContectsPage" time="0.876" classname="qa.TechFios.Test.HomePageTest"/>
</testsuite> <!-- Techfios Automation test cases -->
